<?xml version="1.0" encoding="UTF-8"?>
<testng-results skipped="0" failed="1" ignored="0" total="4" passed="3">
  <reporter-output>
  </reporter-output>
  <suite name="Default Suite" duration-ms="468044" started-at="2020-11-13T02:19:04Z" finished-at="2020-11-13T02:26:52Z">
    <groups>
    </groups>
    <test name="AppiumProject" duration-ms="468044" started-at="2020-11-13T02:19:04Z" finished-at="2020-11-13T02:26:52Z">
      <class name="com.appium.testng.RyhApp">
        <test-method status="PASS" signature="init()[pri:0, instance:com.appium.testng.RyhApp@3cda1055]" name="init" is-config="true" duration-ms="25643" started-at="2020-11-13T02:19:04Z" finished-at="2020-11-13T02:19:30Z">
          <reporter-output>
          </reporter-output>
        </test-method> <!-- init -->
        <test-method status="PASS" signature="test001_login()[pri:0, instance:com.appium.testng.RyhApp@3cda1055]" name="test001_login" duration-ms="17455" started-at="2020-11-13T02:19:30Z" finished-at="2020-11-13T02:19:47Z">
          <reporter-output>
          </reporter-output>
        </test-method> <!-- test001_login -->
        <test-method status="PASS" signature="test002_idoAuthAndRisk()[pri:0, instance:com.appium.testng.RyhApp@3cda1055]" name="test002_idoAuthAndRisk" duration-ms="68855" started-at="2020-11-13T02:19:47Z" finished-at="2020-11-13T02:20:56Z">
          <reporter-output>
          </reporter-output>
        </test-method> <!-- test002_idoAuthAndRisk -->
        <test-method status="PASS" signature="test003_withdrawApply()[pri:0, instance:com.appium.testng.RyhApp@3cda1055]" name="test003_withdrawApply" duration-ms="314967" started-at="2020-11-13T02:20:56Z" finished-at="2020-11-13T02:26:11Z">
          <reporter-output>
          </reporter-output>
        </test-method> <!-- test003_withdrawApply -->
        <test-method status="FAIL" signature="test004_goRepay()[pri:0, instance:com.appium.testng.RyhApp@3cda1055]" name="test004_goRepay" duration-ms="39854" started-at="2020-11-13T02:26:11Z" finished-at="2020-11-13T02:26:51Z">
          <exception class="org.openqa.selenium.NoSuchElementException">
            <message>
              <![CDATA[An element could not be located on the page using the given search parameters.
For documentation on this error, please visit: https://www.seleniumhq.org/exceptions/no_such_element.html
Build info: version: '3.141.59', revision: 'e82be7d358', time: '2018-11-14T08:17:03'
System info: host: 'FinupdeMacBook-Pro.local', ip: 'fe80:0:0:0:10d5:fa8b:cd2:93ce%en0', os.name: 'Mac OS X', os.arch: 'x86_64', os.version: '10.15.6', java.version: '1.8.0_221'
Driver info: io.appium.java_client.android.AndroidDriver
Capabilities {appActivity: com.renmai.easymoney.MainAc..., appPackage: com.renmai.easymoney, autoGrantPermissions: true, automationName: UIAutomator2, chromedriverChromeMappingFile: /usr/local/lib/node_modules..., chromedriverExecutableDir: /usr/local/lib/node_modules..., databaseEnabled: false, desired: {appActivity: com.renmai.easymoney.MainAc..., appPackage: com.renmai.easymoney, autoGrantPermissions: true, automationName: UIAutomator2, chromedriverChromeMappingFile: /usr/local/lib/node_modules..., chromedriverExecutableDir: /usr/local/lib/node_modules..., deviceName: 任意安卓设备, nativeWebScreenshot: true, newCommandTimeout: 600, noReset: false, noSign: true, platformName: android, recreateChromeDriverSessions: true, resetKeyboard: true, udid: emulator-5554, unicodeKeyboard: true}, deviceApiLevel: 23, deviceManufacturer: HUAWEI, deviceModel: Mate 10 Pro, deviceName: emulator-5554, deviceScreenDensity: 416, deviceScreenSize: 1170x1872, deviceUDID: emulator-5554, javascriptEnabled: true, locationContextEnabled: false, nativeWebScreenshot: true, networkConnectionEnabled: true, newCommandTimeout: 600, noReset: false, noSign: true, pixelRatio: 2.6000001, platform: LINUX, platformName: Android, platformVersion: 6.0.1, recreateChromeDriverSessions: true, resetKeyboard: true, statBarHeight: 62, takesScreenshot: true, udid: emulator-5554, unicodeKeyboard: true, viewportRect: {height: 1810, left: 0, top: 62, width: 1170}, warnings: {}, webStorageEnabled: false}
Session ID: 87b7e87b-8610-456e-a504-db751a75d77c
*** Element info: {Using=id, value=com.renmai.easymoney:id/mTvStatusText}]]>
            </message>
            <full-stacktrace>
              <![CDATA[org.openqa.selenium.NoSuchElementException: An element could not be located on the page using the given search parameters.
For documentation on this error, please visit: https://www.seleniumhq.org/exceptions/no_such_element.html
Build info: version: '3.141.59', revision: 'e82be7d358', time: '2018-11-14T08:17:03'
System info: host: 'FinupdeMacBook-Pro.local', ip: 'fe80:0:0:0:10d5:fa8b:cd2:93ce%en0', os.name: 'Mac OS X', os.arch: 'x86_64', os.version: '10.15.6', java.version: '1.8.0_221'
Driver info: io.appium.java_client.android.AndroidDriver
Capabilities {appActivity: com.renmai.easymoney.MainAc..., appPackage: com.renmai.easymoney, autoGrantPermissions: true, automationName: UIAutomator2, chromedriverChromeMappingFile: /usr/local/lib/node_modules..., chromedriverExecutableDir: /usr/local/lib/node_modules..., databaseEnabled: false, desired: {appActivity: com.renmai.easymoney.MainAc..., appPackage: com.renmai.easymoney, autoGrantPermissions: true, automationName: UIAutomator2, chromedriverChromeMappingFile: /usr/local/lib/node_modules..., chromedriverExecutableDir: /usr/local/lib/node_modules..., deviceName: 任意安卓设备, nativeWebScreenshot: true, newCommandTimeout: 600, noReset: false, noSign: true, platformName: android, recreateChromeDriverSessions: true, resetKeyboard: true, udid: emulator-5554, unicodeKeyboard: true}, deviceApiLevel: 23, deviceManufacturer: HUAWEI, deviceModel: Mate 10 Pro, deviceName: emulator-5554, deviceScreenDensity: 416, deviceScreenSize: 1170x1872, deviceUDID: emulator-5554, javascriptEnabled: true, locationContextEnabled: false, nativeWebScreenshot: true, networkConnectionEnabled: true, newCommandTimeout: 600, noReset: false, noSign: true, pixelRatio: 2.6000001, platform: LINUX, platformName: Android, platformVersion: 6.0.1, recreateChromeDriverSessions: true, resetKeyboard: true, statBarHeight: 62, takesScreenshot: true, udid: emulator-5554, unicodeKeyboard: true, viewportRect: {height: 1810, left: 0, top: 62, width: 1170}, warnings: {}, webStorageEnabled: false}
Session ID: 87b7e87b-8610-456e-a504-db751a75d77c
*** Element info: {Using=id, value=com.renmai.easymoney:id/mTvStatusText}
at sun.reflect.GeneratedConstructorAccessor12.newInstance(Unknown Source)
at sun.reflect.DelegatingConstructorAccessorImpl.newInstance(DelegatingConstructorAccessorImpl.java:45)
at java.lang.reflect.Constructor.newInstance(Constructor.java:423)
at org.openqa.selenium.remote.http.W3CHttpResponseCodec.createException(W3CHttpResponseCodec.java:187)
at org.openqa.selenium.remote.http.W3CHttpResponseCodec.decode(W3CHttpResponseCodec.java:122)
at org.openqa.selenium.remote.http.W3CHttpResponseCodec.decode(W3CHttpResponseCodec.java:49)
at org.openqa.selenium.remote.HttpCommandExecutor.execute(HttpCommandExecutor.java:158)
at io.appium.java_client.remote.AppiumCommandExecutor.execute(AppiumCommandExecutor.java:239)
at org.openqa.selenium.remote.RemoteWebDriver.execute(RemoteWebDriver.java:552)
at io.appium.java_client.DefaultGenericMobileDriver.execute(DefaultGenericMobileDriver.java:42)
at io.appium.java_client.AppiumDriver.execute(AppiumDriver.java:1)
at io.appium.java_client.android.AndroidDriver.execute(AndroidDriver.java:1)
at org.openqa.selenium.remote.RemoteWebDriver.findElement(RemoteWebDriver.java:323)
at io.appium.java_client.DefaultGenericMobileDriver.findElement(DefaultGenericMobileDriver.java:62)
at io.appium.java_client.AppiumDriver.findElement(AppiumDriver.java:1)
at io.appium.java_client.android.AndroidDriver.findElement(AndroidDriver.java:1)
at org.openqa.selenium.remote.RemoteWebDriver.findElementById(RemoteWebDriver.java:372)
at io.appium.java_client.DefaultGenericMobileDriver.findElementById(DefaultGenericMobileDriver.java:70)
at io.appium.java_client.AppiumDriver.findElementById(AppiumDriver.java:1)
at io.appium.java_client.android.AndroidDriver.findElementById(AndroidDriver.java:1)
at com.appium.utils.GetByLocation.getElementObj(GetByLocation.java:110)
at com.appium.utils.GetByLocation.getElementObj(GetByLocation.java:65)
at com.appium.testcase.DemoCase.goRepay(DemoCase.java:544)
at com.appium.testng.RyhApp.test004_goRepay(RyhApp.java:88)
at sun.reflect.NativeMethodAccessorImpl.invoke0(Native Method)
at sun.reflect.NativeMethodAccessorImpl.invoke(NativeMethodAccessorImpl.java:62)
at sun.reflect.DelegatingMethodAccessorImpl.invoke(DelegatingMethodAccessorImpl.java:43)
at java.lang.reflect.Method.invoke(Method.java:498)
at org.testng.internal.MethodInvocationHelper.invokeMethod(MethodInvocationHelper.java:124)
at org.testng.internal.Invoker.invokeMethod(Invoker.java:583)
at org.testng.internal.Invoker.invokeTestMethod(Invoker.java:719)
at org.testng.internal.Invoker.invokeTestMethods(Invoker.java:989)
at org.testng.internal.TestMethodWorker.invokeTestMethods(TestMethodWorker.java:125)
at org.testng.internal.TestMethodWorker.run(TestMethodWorker.java:109)
at org.testng.TestRunner.privateRun(TestRunner.java:648)
at org.testng.TestRunner.run(TestRunner.java:505)
at org.testng.SuiteRunner.runTest(SuiteRunner.java:455)
at org.testng.SuiteRunner.runSequentially(SuiteRunner.java:450)
at org.testng.SuiteRunner.privateRun(SuiteRunner.java:415)
at org.testng.SuiteRunner.run(SuiteRunner.java:364)
at org.testng.SuiteRunnerWorker.runSuite(SuiteRunnerWorker.java:52)
at org.testng.SuiteRunnerWorker.run(SuiteRunnerWorker.java:84)
at org.testng.TestNG.runSuitesSequentially(TestNG.java:1208)
at org.testng.TestNG.runSuitesLocally(TestNG.java:1137)
at org.testng.TestNG.runSuites(TestNG.java:1049)
at org.testng.TestNG.run(TestNG.java:1017)
at com.intellij.rt.testng.IDEARemoteTestNG.run(IDEARemoteTestNG.java:66)
at com.intellij.rt.testng.RemoteTestNGStarter.main(RemoteTestNGStarter.java:110)
]]>
            </full-stacktrace>
          </exception> <!-- org.openqa.selenium.NoSuchElementException -->
          <reporter-output>
          </reporter-output>
        </test-method> <!-- test004_goRepay -->
        <test-method status="PASS" signature="destroy()[pri:0, instance:com.appium.testng.RyhApp@3cda1055]" name="destroy" is-config="true" duration-ms="1243" started-at="2020-11-13T02:26:51Z" finished-at="2020-11-13T02:26:52Z">
          <reporter-output>
          </reporter-output>
        </test-method> <!-- destroy -->
      </class> <!-- com.appium.testng.RyhApp -->
    </test> <!-- AppiumProject -->
  </suite> <!-- Default Suite -->
</testng-results>
