<?xml version="1.0" encoding="UTF-8"?>
<!-- Generated by org.testng.reporters.JUnitXMLReporter -->
<testsuite hostname="FinupdeMacBook-Pro.local" ignored="0" name="AppiumProject" tests="4" failures="1" timestamp="13 十一月 2020 02:26:52 GMT" time="468.044" errors="0">
  <testcase name="test001_login" time="17.455" classname="com.appium.testng.RyhApp"/>
  <testcase name="test002_idoAuthAndRisk" time="68.855" classname="com.appium.testng.RyhApp"/>
  <testcase name="test003_withdrawApply" time="314.967" classname="com.appium.testng.RyhApp"/>
  <testcase name="test004_goRepay" time="39.854" classname="com.appium.testng.RyhApp">
    <failure type="org.openqa.selenium.NoSuchElementException" message="An element could not be located on the page using the given search parameters.
For documentation on this error, please visit: https://www.seleniumhq.org/exceptions/no_such_element.html
Build info: version: &amp;apos;3.141.59&amp;apos;, revision: &amp;apos;e82be7d358&amp;apos;, time: &amp;apos;2018-11-14T08:17:03&amp;apos;
System info: host: &amp;apos;FinupdeMacBook-Pro.local&amp;apos;, ip: &amp;apos;fe80:0:0:0:10d5:fa8b:cd2:93ce%en0&amp;apos;, os.name: &amp;apos;Mac OS X&amp;apos;, os.arch: &amp;apos;x86_64&amp;apos;, os.version: &amp;apos;10.15.6&amp;apos;, java.version: &amp;apos;1.8.0_221&amp;apos;
Driver info: io.appium.java_client.android.AndroidDriver
Capabilities {appActivity: com.renmai.easymoney.MainAc..., appPackage: com.renmai.easymoney, autoGrantPermissions: true, automationName: UIAutomator2, chromedriverChromeMappingFile: /usr/local/lib/node_modules..., chromedriverExecutableDir: /usr/local/lib/node_modules..., databaseEnabled: false, desired: {appActivity: com.renmai.easymoney.MainAc..., appPackage: com.renmai.easymoney, autoGrantPermissions: true, automationName: UIAutomator2, chromedriverChromeMappingFile: /usr/local/lib/node_modules..., chromedriverExecutableDir: /usr/local/lib/node_modules..., deviceName: 任意安卓设备, nativeWebScreenshot: true, newCommandTimeout: 600, noReset: false, noSign: true, platformName: android, recreateChromeDriverSessions: true, resetKeyboard: true, udid: emulator-5554, unicodeKeyboard: true}, deviceApiLevel: 23, deviceManufacturer: HUAWEI, deviceModel: Mate 10 Pro, deviceName: emulator-5554, deviceScreenDensity: 416, deviceScreenSize: 1170x1872, deviceUDID: emulator-5554, javascriptEnabled: true, locationContextEnabled: false, nativeWebScreenshot: true, networkConnectionEnabled: true, newCommandTimeout: 600, noReset: false, noSign: true, pixelRatio: 2.6000001, platform: LINUX, platformName: Android, platformVersion: 6.0.1, recreateChromeDriverSessions: true, resetKeyboard: true, statBarHeight: 62, takesScreenshot: true, udid: emulator-5554, unicodeKeyboard: true, viewportRect: {height: 1810, left: 0, top: 62, width: 1170}, warnings: {}, webStorageEnabled: false}
Session ID: 87b7e87b-8610-456e-a504-db751a75d77c
*** Element info: {Using=id, value=com.renmai.easymoney:id/mTvStatusText}">
      <![CDATA[org.openqa.selenium.NoSuchElementException: An element could not be located on the page using the given search parameters.
For documentation on this error, please visit: https://www.seleniumhq.org/exceptions/no_such_element.html
Build info: version: '3.141.59', revision: 'e82be7d358', time: '2018-11-14T08:17:03'
System info: host: 'FinupdeMacBook-Pro.local', ip: 'fe80:0:0:0:10d5:fa8b:cd2:93ce%en0', os.name: 'Mac OS X', os.arch: 'x86_64', os.version: '10.15.6', java.version: '1.8.0_221'
Driver info: io.appium.java_client.android.AndroidDriver
Capabilities {appActivity: com.renmai.easymoney.MainAc..., appPackage: com.renmai.easymoney, autoGrantPermissions: true, automationName: UIAutomator2, chromedriverChromeMappingFile: /usr/local/lib/node_modules..., chromedriverExecutableDir: /usr/local/lib/node_modules..., databaseEnabled: false, desired: {appActivity: com.renmai.easymoney.MainAc..., appPackage: com.renmai.easymoney, autoGrantPermissions: true, automationName: UIAutomator2, chromedriverChromeMappingFile: /usr/local/lib/node_modules..., chromedriverExecutableDir: /usr/local/lib/node_modules..., deviceName: 任意安卓设备, nativeWebScreenshot: true, newCommandTimeout: 600, noReset: false, noSign: true, platformName: android, recreateChromeDriverSessions: true, resetKeyboard: true, udid: emulator-5554, unicodeKeyboard: true}, deviceApiLevel: 23, deviceManufacturer: HUAWEI, deviceModel: Mate 10 Pro, deviceName: emulator-5554, deviceScreenDensity: 416, deviceScreenSize: 1170x1872, deviceUDID: emulator-5554, javascriptEnabled: true, locationContextEnabled: false, nativeWebScreenshot: true, networkConnectionEnabled: true, newCommandTimeout: 600, noReset: false, noSign: true, pixelRatio: 2.6000001, platform: LINUX, platformName: Android, platformVersion: 6.0.1, recreateChromeDriverSessions: true, resetKeyboard: true, statBarHeight: 62, takesScreenshot: true, udid: emulator-5554, unicodeKeyboard: true, viewportRect: {height: 1810, left: 0, top: 62, width: 1170}, warnings: {}, webStorageEnabled: false}
Session ID: 87b7e87b-8610-456e-a504-db751a75d77c
*** Element info: {Using=id, value=com.renmai.easymoney:id/mTvStatusText}
at org.openqa.selenium.remote.http.W3CHttpResponseCodec.createException(W3CHttpResponseCodec.java:187)
at org.openqa.selenium.remote.http.W3CHttpResponseCodec.decode(W3CHttpResponseCodec.java:122)
at org.openqa.selenium.remote.http.W3CHttpResponseCodec.decode(W3CHttpResponseCodec.java:49)
at org.openqa.selenium.remote.HttpCommandExecutor.execute(HttpCommandExecutor.java:158)
at io.appium.java_client.remote.AppiumCommandExecutor.execute(AppiumCommandExecutor.java:239)
at org.openqa.selenium.remote.RemoteWebDriver.execute(RemoteWebDriver.java:552)
at io.appium.java_client.DefaultGenericMobileDriver.execute(DefaultGenericMobileDriver.java:42)
at io.appium.java_client.AppiumDriver.execute(AppiumDriver.java:1)
at io.appium.java_client.android.AndroidDriver.execute(AndroidDriver.java:1)
at org.openqa.selenium.remote.RemoteWebDriver.findElement(RemoteWebDriver.java:323)
at io.appium.java_client.DefaultGenericMobileDriver.findElement(DefaultGenericMobileDriver.java:62)
at io.appium.java_client.AppiumDriver.findElement(AppiumDriver.java:1)
at io.appium.java_client.android.AndroidDriver.findElement(AndroidDriver.java:1)
at org.openqa.selenium.remote.RemoteWebDriver.findElementById(RemoteWebDriver.java:372)
at io.appium.java_client.DefaultGenericMobileDriver.findElementById(DefaultGenericMobileDriver.java:70)
at io.appium.java_client.AppiumDriver.findElementById(AppiumDriver.java:1)
at io.appium.java_client.android.AndroidDriver.findElementById(AndroidDriver.java:1)
at com.appium.utils.GetByLocation.getElementObj(GetByLocation.java:110)
at com.appium.utils.GetByLocation.getElementObj(GetByLocation.java:65)
at com.appium.testcase.DemoCase.goRepay(DemoCase.java:544)
at com.appium.testng.RyhApp.test004_goRepay(RyhApp.java:88)
at com.intellij.rt.testng.IDEARemoteTestNG.run(IDEARemoteTestNG.java:66)
at com.intellij.rt.testng.RemoteTestNGStarter.main(RemoteTestNGStarter.java:110)
... Removed 25 stack frames]]>
    </failure>
  </testcase> <!-- test004_goRepay -->
</testsuite> <!-- AppiumProject -->
